java.io.FileNotFoundException: MadSandData\version.dat (The system cannot find the path specified)
	at java.base/java.io.FileInputStream.open0(Native Method)
	at java.base/java.io.FileInputStream.open(FileInputStream.java:213)
	at java.base/java.io.FileInputStream.<init>(FileInputStream.java:155)
	at java.base/java.io.FileReader.<init>(FileReader.java:75)
	at ru.bernarder.fallenrisefromdust.GameSaver.getExternal(GameSaver.java:93)
	at ru.bernarder.fallenrisefromdust.Gui.getVersion(Gui.java:573)
	at ru.bernarder.fallenrisefromdust.Gui.initmenu(Gui.java:822)
	at ru.bernarder.fallenrisefromdust.MadSand.create(MadSand.java:217)
	at com.badlogic.gdx.backends.lwjgl.LwjglApplication.mainLoop(LwjglApplication.java:149)
	at com.badlogic.gdx.backends.lwjgl.LwjglApplication$1.run(LwjglApplication.java:126)
java.lang.NullPointerException
	at ru.bernarder.fallenrisefromdust.World.genDungeon(World.java:191)
	at ru.bernarder.fallenrisefromdust.World.Generate(World.java:134)
	at ru.bernarder.fallenrisefromdust.Utils.gotoSector(Utils.java:746)
	at ru.bernarder.fallenrisefromdust.Utils.KeyCheck(Utils.java:540)
	at ru.bernarder.fallenrisefromdust.MadSand.render(MadSand.java:472)
	at com.badlogic.gdx.backends.lwjgl.LwjglApplication.mainLoop(LwjglApplication.java:225)
	at com.badlogic.gdx.backends.lwjgl.LwjglApplication$1.run(LwjglApplication.java:126)
java.lang.NullPointerException
	at ru.bernarder.fallenrisefromdust.World.genDungeon(World.java:191)
	at ru.bernarder.fallenrisefromdust.World.Generate(World.java:134)
	at ru.bernarder.fallenrisefromdust.Utils.gotoSector(Utils.java:746)
	at ru.bernarder.fallenrisefromdust.Utils.KeyCheck(Utils.java:540)
	at ru.bernarder.fallenrisefromdust.MadSand.render(MadSand.java:472)
	at com.badlogic.gdx.backends.lwjgl.LwjglApplication.mainLoop(LwjglApplication.java:225)
	at com.badlogic.gdx.backends.lwjgl.LwjglApplication$1.run(LwjglApplication.java:126)
