java.io.FileNotFoundException: MadSandData\version.dat (The system cannot find the path specified)
	at java.base/java.io.FileInputStream.open0(Native Method)
	at java.base/java.io.FileInputStream.open(FileInputStream.java:213)
	at java.base/java.io.FileInputStream.<init>(FileInputStream.java:155)
	at java.base/java.io.FileReader.<init>(FileReader.java:75)
	at ru.bernarder.fallenrisefromdust.GameSaver.getExternal(GameSaver.java:37)
	at ru.bernarder.fallenrisefromdust.Gui.initLaunchMenu(Gui.java:195)
	at ru.bernarder.fallenrisefromdust.Gui.initmenu(Gui.java:1023)
	at ru.bernarder.fallenrisefromdust.MadSand.create(MadSand.java:278)
	at com.badlogic.gdx.backends.lwjgl.LwjglApplication.mainLoop(LwjglApplication.java:149)
	at com.badlogic.gdx.backends.lwjgl.LwjglApplication$1.run(LwjglApplication.java:126)
java.io.FileNotFoundException: MadSandData\version.dat (The system cannot find the path specified)
	at java.base/java.io.FileInputStream.open0(Native Method)
	at java.base/java.io.FileInputStream.open(FileInputStream.java:213)
	at java.base/java.io.FileInputStream.<init>(FileInputStream.java:155)
	at java.base/java.io.FileReader.<init>(FileReader.java:75)
	at ru.bernarder.fallenrisefromdust.GameSaver.getExternal(GameSaver.java:37)
	at ru.bernarder.fallenrisefromdust.Gui.initLaunchMenu(Gui.java:197)
	at ru.bernarder.fallenrisefromdust.Gui.initmenu(Gui.java:1023)
	at ru.bernarder.fallenrisefromdust.MadSand.create(MadSand.java:278)
	at com.badlogic.gdx.backends.lwjgl.LwjglApplication.mainLoop(LwjglApplication.java:149)
	at com.badlogic.gdx.backends.lwjgl.LwjglApplication$1.run(LwjglApplication.java:126)
java.lang.IllegalArgumentException: bound must be positive
	at java.base/java.util.Random.nextInt(Random.java:388)
	at ru.bernarder.fallenrisefromdust.Map.randPlaceObject(Map.java:168)
	at ru.bernarder.fallenrisefromdust.Map.randPlaceObject(Map.java:174)
	at ru.bernarder.fallenrisefromdust.World.genObjByTemplate(World.java:320)
	at ru.bernarder.fallenrisefromdust.World.Generate(World.java:99)
	at ru.bernarder.fallenrisefromdust.ThreadedUtils$2.run(ThreadedUtils.java:35)
	at java.base/java.lang.Thread.run(Thread.java:835)
